Arguments: 
  /Users/cesarcortes/.nvm/versions/node/v10.16.0/bin/node /usr/local/Cellar/yarn/1.17.3/libexec/bin/yarn.js

PATH: 
  /Users/cesarcortes/.nvm/versions/node/v10.16.0/bin:/usr/local/bin:/usr/bin:/bin:/usr/sbin:/sbin:/Users/cesarcortes/.nvm/versions/node/v10.16.0/bin

Yarn version: 
  1.17.3

Node version: 
  10.16.0

Platform: 
  darwin x64

Trace: 
  SyntaxError: /Users/cesarcortes/dev/spokeHs/spokehs-api/package.json: Unexpected token } in JSON at position 361
      at JSON.parse (<anonymous>)
      at /usr/local/Cellar/yarn/1.17.3/libexec/lib/cli.js:1625:59
      at Generator.next (<anonymous>)
      at step (/usr/local/Cellar/yarn/1.17.3/libexec/lib/cli.js:304:30)
      at /usr/local/Cellar/yarn/1.17.3/libexec/lib/cli.js:315:13

npm manifest: 
  {
    "name": "building_admin_ui",
    "version": "0.1.0",
    "private": true,
    "dependencies": {
      "bcrypt": "^3.0.6",
      "body-parser": "^1.19.0",
      "dotenv": "^8.0.0",
      "express": "^4.17.1",
      "express-async-errors": "^3.1.1",
      "lodash": "^4.17.11",
      "mongoose": "^5.6.2",
      "mongoose-unique-validator": "^2.0.3",
      "underscore": "^1.9.1",
    },
    "scripts": {
      "start": "nodemon ./server/server.js",
    },
    "devDependencies": {
      "nodemon": "^1.19.1"
    }
  }

yarn manifest: 
  No manifest

Lockfile: 
  No lockfile
